<?xml version="1.0" encoding="UTF-8"?>
<!-- Generated by org.testng.reporters.JUnitReportReporter -->
<testsuite hostname="DESKTOP-RHOKNN5" failures="0" tests="3" name="colTests.SampleTest$AddToCartTest" time="0.016" errors="0" timestamp="2022-09-15T12:37:42 IST" skipped="0">
  <testcase classname="colTests.SampleTest$AddToCartTest" name="deleteCartTest" time="0.002"/>
  <system-out/>
  <testcase classname="colTests.SampleTest$AddToCartTest" name="addToCartTest" time="0.012"/>
  <system-out/>
  <testcase classname="colTests.SampleTest$AddToCartTest" name="removeFromTheCartTest" time="0.002"/>
  <system-out/>
</testsuite> <!-- colTests.SampleTest$AddToCartTest -->
