<?xml version="1.0" encoding="UTF-8"?>
<!-- Generated by org.testng.reporters.JUnitReportReporter -->
<testsuite hostname="DESKTOP-RHOKNN5" failures="0" tests="1" name="colTests.SampleTest$AddToCartTest" time="0.015" errors="0" timestamp="2022-09-13T15:16:18 IST" skipped="0">
  <testcase classname="colTests.SampleTest$AddToCartTest" name="addToCartTest" time="0.015"/>
  <system-out/>
</testsuite> <!-- colTests.SampleTest$AddToCartTest -->
